<?xml version="1.0" encoding="UTF-8"?>
<testsuites name="Mocha Tests" time="6.575" tests="5" failures="0">
  <testsuite name="Root Suite" timestamp="2025-09-04T05:24:19" tests="0" file="cypress\e2e\2-advanced-examples\storage.cy.js" time="0.000" failures="0">
  </testsuite>
  <testsuite name="Local Storage / Session Storage" timestamp="2025-09-04T05:24:19" tests="5" time="6.482" failures="0">
    <testcase name="Local Storage / Session Storage cy.clearLocalStorage() - clear all data in localStorage for the current origin" time="2.319" classname="cy.clearLocalStorage() - clear all data in localStorage for the current origin">
    </testcase>
    <testcase name="Local Storage / Session Storage cy.getAllLocalStorage() - get all data in localStorage for all origins" time="0.422" classname="cy.getAllLocalStorage() - get all data in localStorage for all origins">
    </testcase>
    <testcase name="Local Storage / Session Storage cy.clearAllLocalStorage() - clear all data in localStorage for all origins" time="0.400" classname="cy.clearAllLocalStorage() - clear all data in localStorage for all origins">
    </testcase>
    <testcase name="Local Storage / Session Storage cy.getAllSessionStorage() - get all data in sessionStorage for all origins" time="0.432" classname="cy.getAllSessionStorage() - get all data in sessionStorage for all origins">
    </testcase>
    <testcase name="Local Storage / Session Storage cy.clearAllSessionStorage() - clear all data in sessionStorage for all origins" time="0.510" classname="cy.clearAllSessionStorage() - clear all data in sessionStorage for all origins">
    </testcase>
  </testsuite>
</testsuites>