<?xml version="1.0" encoding="UTF-8"?>
<testsuites name="Mocha Tests" time="49.963" tests="6" failures="1">
  <testsuite name="Root Suite" timestamp="2025-09-04T04:58:19" tests="0" file="cypress\e2e\frontend_test.cy.ts" time="0.000" failures="0">
  </testsuite>
  <testsuite name="灵狐智验前端完整流程集成测试" timestamp="2025-09-04T04:58:19" tests="6" time="49.817" failures="1">
    <testcase name="灵狐智验前端完整流程集成测试 学生注册流程" time="5.460" classname="学生注册流程">
    </testcase>
    <testcase name="灵狐智验前端完整流程集成测试 教师注册后登录并修改个人信息和密码" time="10.554" classname="教师注册后登录并修改个人信息和密码">
    </testcase>
    <testcase name="灵狐智验前端完整流程集成测试 教师登录并创建实验" time="11.103" classname="教师登录并创建实验">
    </testcase>
    <testcase name="灵狐智验前端完整流程集成测试 学生登录完成实验" time="0.000" classname="学生登录完成实验">
      <failure message="Timed out retrying after 4000ms: Expected to find content: &apos;总得分&apos; but never did." type="AssertionError"><![CDATA[AssertionError: Timed out retrying after 4000ms: Expected to find content: '总得分' but never did.
    at Context.eval (webpack://lab-platform/./cypress/e2e/frontend_test.cy.ts:320:25)]]></failure>
    </testcase>
    <testcase name="灵狐智验前端完整流程集成测试 教师查看学生提交记录与详情" time="3.740" classname="教师查看学生提交记录与详情">
    </testcase>
    <testcase name="灵狐智验前端完整流程集成测试 教师删除创建的实验" time="4.200" classname="教师删除创建的实验">
    </testcase>
  </testsuite>
</testsuites>