<?xml version="1.0" encoding="UTF-8"?>
<testsuites name="Mocha Tests" time="6.641" tests="7" failures="0">
  <testsuite name="Root Suite" timestamp="2025-09-03T09:35:43" tests="0" file="cypress\e2e\2-advanced-examples\spies_stubs_clocks.cy.js" time="0.000" failures="0">
  </testsuite>
  <testsuite name="Spies, Stubs, and Clock" timestamp="2025-09-03T09:35:43" tests="7" time="6.523" failures="0">
    <testcase name="Spies, Stubs, and Clock cy.spy() - wrap a method in a spy" time="0.623" classname="cy.spy() - wrap a method in a spy">
    </testcase>
    <testcase name="Spies, Stubs, and Clock cy.spy() retries until assertions pass" time="2.556" classname="cy.spy() retries until assertions pass">
    </testcase>
    <testcase name="Spies, Stubs, and Clock cy.stub() - create a stub and/or replace a function with stub" time="0.243" classname="cy.stub() - create a stub and/or replace a function with stub">
    </testcase>
    <testcase name="Spies, Stubs, and Clock cy.clock() - control time in the browser" time="0.384" classname="cy.clock() - control time in the browser">
    </testcase>
    <testcase name="Spies, Stubs, and Clock cy.tick() - move time in the browser" time="0.452" classname="cy.tick() - move time in the browser">
    </testcase>
    <testcase name="Spies, Stubs, and Clock cy.stub() matches depending on arguments" time="0.024" classname="cy.stub() matches depending on arguments">
    </testcase>
    <testcase name="Spies, Stubs, and Clock matches call arguments using Sinon matchers" time="0.032" classname="matches call arguments using Sinon matchers">
    </testcase>
  </testsuite>
</testsuites>