<?xml version="1.0" encoding="UTF-8"?>
<testsuites name="Mocha Tests" time="7.270" tests="3" failures="0">
  <testsuite name="Root Suite" timestamp="2025-09-04T05:10:29" tests="0" file="cypress\e2e\2-advanced-examples\navigation.cy.js" time="0.000" failures="0">
  </testsuite>
  <testsuite name="Navigation" timestamp="2025-09-04T05:10:29" tests="3" time="7.132" failures="0">
    <testcase name="Navigation cy.go() - go back or forward in the browser&apos;s history" time="2.953" classname="cy.go() - go back or forward in the browser&apos;s history">
    </testcase>
    <testcase name="Navigation cy.reload() - reload the page" time="1.237" classname="cy.reload() - reload the page">
    </testcase>
    <testcase name="Navigation cy.visit() - visit a remote url" time="0.975" classname="cy.visit() - visit a remote url">
    </testcase>
  </testsuite>
</testsuites>