<?xml version="1.0" encoding="UTF-8"?>
<testsuites name="Mocha Tests" time="8.936" tests="5" failures="0">
  <testsuite name="Root Suite" timestamp="2025-09-04T05:24:48" tests="0" file="cypress\e2e\2-advanced-examples\utilities.cy.js" time="0.000" failures="0">
  </testsuite>
  <testsuite name="Utilities" timestamp="2025-09-04T05:24:48" tests="5" time="8.821" failures="0">
    <testcase name="Utilities Cypress._ - call a lodash method" time="3.443" classname="Cypress._ - call a lodash method">
    </testcase>
    <testcase name="Utilities Cypress.$ - call a jQuery method" time="0.554" classname="Cypress.$ - call a jQuery method">
    </testcase>
    <testcase name="Utilities Cypress.Blob - blob utilities and base64 string conversion" time="0.878" classname="Cypress.Blob - blob utilities and base64 string conversion">
    </testcase>
    <testcase name="Utilities Cypress.minimatch - test out glob patterns against strings" time="0.308" classname="Cypress.minimatch - test out glob patterns against strings">
    </testcase>
    <testcase name="Utilities Cypress.Promise - instantiate a bluebird promise" time="1.394" classname="Cypress.Promise - instantiate a bluebird promise">
    </testcase>
  </testsuite>
</testsuites>