<?xml version="1.0" encoding="UTF-8"?>
<testsuites name="Mocha Tests" time="36.738" tests="6" failures="0">
  <testsuite name="Root Suite" timestamp="2025-09-04T05:02:08" tests="0" file="cypress\e2e\frontend_test.cy.ts" time="0.000" failures="0">
  </testsuite>
  <testsuite name="灵狐智验前端完整流程集成测试" timestamp="2025-09-04T05:02:08" tests="6" time="36.632" failures="0">
    <testcase name="灵狐智验前端完整流程集成测试 学生注册流程" time="3.636" classname="学生注册流程">
    </testcase>
    <testcase name="灵狐智验前端完整流程集成测试 教师注册后登录并修改个人信息和密码" time="7.569" classname="教师注册后登录并修改个人信息和密码">
    </testcase>
    <testcase name="灵狐智验前端完整流程集成测试 教师登录并创建实验" time="10.189" classname="教师登录并创建实验">
    </testcase>
    <testcase name="灵狐智验前端完整流程集成测试 学生登录完成实验" time="8.243" classname="学生登录完成实验">
    </testcase>
    <testcase name="灵狐智验前端完整流程集成测试 教师查看学生提交记录与详情" time="3.041" classname="教师查看学生提交记录与详情">
    </testcase>
    <testcase name="灵狐智验前端完整流程集成测试 教师删除创建的实验" time="3.384" classname="教师删除创建的实验">
    </testcase>
  </testsuite>
</testsuites>