{
  "stats": {
    "suites": 2,
    "tests": 5,
    "passes": 5,
    "pending": 0,
    "failures": 0,
    "start": "2025-08-29T08:14:45.314Z",
    "end": "2025-08-29T08:14:51.937Z",
    "duration": 6623,
    "testsRegistered": 5,
    "passPercent": 100,
    "pendingPercent": 0,
    "other": 0,
    "hasOther": false,
    "skipped": 0,
    "hasSkipped": false
  },
  "results": [
    {
      "uuid": "949d03b0-6a10-4d84-855c-3ab6c15170aa",
      "title": "",
      "fullFile": "cypress\\e2e\\2-advanced-examples\\misc.cy.js",
      "file": "cypress\\e2e\\2-advanced-examples\\misc.cy.js",
      "beforeHooks": [],
      "afterHooks": [],
      "tests": [],
      "suites": [
        {
          "uuid": "2b02eed3-9345-426e-a754-f48504f8fcb1",
          "title": "Misc",
          "fullFile": "",
          "file": "",
          "beforeHooks": [],
          "afterHooks": [],
          "tests": [
            {
              "title": "cy.exec() - execute a system command",
              "fullTitle": "Misc cy.exec() - execute a system command",
              "timedOut": null,
              "duration": 1662,
              "state": "passed",
              "speed": "fast",
              "pass": true,
              "fail": false,
              "pending": false,
              "context": null,
              "code": "// execute a system command.\n// so you can take actions necessary for\n// your test outside the scope of Cypress.\n// https://on.cypress.io/exec\n// we can use Cypress.platform string to\n// select appropriate command\n// https://on.cypress/io/platform\ncy.log(`Platform ${Cypress.platform} architecture ${Cypress.arch}`);\n// on CircleCI Windows build machines we have a failure to run bash shell\n// https://github.com/cypress-io/cypress/issues/5169\n// so skip some of the tests by passing flag \"--env circle=true\"\nconst isCircleOnWindows = Cypress.platform === 'win32' && Cypress.env('circle');\nif (isCircleOnWindows) {\n  cy.log('Skipping test on CircleCI');\n  return;\n}\n// cy.exec problem on Shippable CI\n// https://github.com/cypress-io/cypress/issues/6718\nconst isShippable = Cypress.platform === 'linux' && Cypress.env('shippable');\nif (isShippable) {\n  cy.log('Skipping test on ShippableCI');\n  return;\n}\ncy.exec('echo Jane Lane').its('stdout').should('contain', 'Jane Lane');\nif (Cypress.platform === 'win32') {\n  cy.exec(`print ${Cypress.config('configFile')}`).its('stderr').should('be.empty');\n} else {\n  cy.exec(`cat ${Cypress.config('configFile')}`).its('stderr').should('be.empty');\n  cy.log(`Cypress version ${Cypress.version}`);\n  if (Cypress.version.split('.').map(Number)[0] < 15) {\n    cy.exec('pwd').its('code').should('eq', 0);\n  } else {\n    cy.exec('pwd').its('exitCode').should('eq', 0);\n  }\n}",
              "err": {},
              "uuid": "b9ebd46e-d210-425c-9fa3-ba3f4133f7b3",
              "parentUUID": "2b02eed3-9345-426e-a754-f48504f8fcb1",
              "isHook": false,
              "skipped": false
            },
            {
              "title": "cy.focused() - get the DOM element that has focus",
              "fullTitle": "Misc cy.focused() - get the DOM element that has focus",
              "timedOut": null,
              "duration": 574,
              "state": "passed",
              "speed": "fast",
              "pass": true,
              "fail": false,
              "pending": false,
              "context": null,
              "code": "// https://on.cypress.io/focused\ncy.get('.misc-form').find('#name').click();\ncy.focused().should('have.id', 'name');\ncy.get('.misc-form').find('#description').click();\ncy.focused().should('have.id', 'description');",
              "err": {},
              "uuid": "67025c7d-7f6e-47ce-92aa-7f6c121e67c1",
              "parentUUID": "2b02eed3-9345-426e-a754-f48504f8fcb1",
              "isHook": false,
              "skipped": false
            },
            {
              "title": "cy.wrap() - wrap an object",
              "fullTitle": "Misc cy.wrap() - wrap an object",
              "timedOut": null,
              "duration": 254,
              "state": "passed",
              "speed": "fast",
              "pass": true,
              "fail": false,
              "pending": false,
              "context": null,
              "code": "// https://on.cypress.io/wrap\ncy.wrap({\n  foo: 'bar'\n}).should('have.property', 'foo').and('include', 'bar');",
              "err": {},
              "uuid": "b073399f-8b40-4105-a90e-0e1c86e34643",
              "parentUUID": "2b02eed3-9345-426e-a754-f48504f8fcb1",
              "isHook": false,
              "skipped": false
            }
          ],
          "suites": [
            {
              "uuid": "1b39f48f-8fb0-4d87-b454-129c52c6daeb",
              "title": "Cypress.Screenshot",
              "fullFile": "",
              "file": "",
              "beforeHooks": [],
              "afterHooks": [],
              "tests": [
                {
                  "title": "cy.screenshot() - take a screenshot",
                  "fullTitle": "Misc Cypress.Screenshot cy.screenshot() - take a screenshot",
                  "timedOut": null,
                  "duration": 1185,
                  "state": "passed",
                  "speed": "fast",
                  "pass": true,
                  "fail": false,
                  "pending": false,
                  "context": null,
                  "code": "// https://on.cypress.io/screenshot\ncy.screenshot('my-image');",
                  "err": {},
                  "uuid": "8bfa3c6b-338b-4e03-8183-734d496b2508",
                  "parentUUID": "1b39f48f-8fb0-4d87-b454-129c52c6daeb",
                  "isHook": false,
                  "skipped": false
                },
                {
                  "title": "Cypress.Screenshot.defaults() - change default config of screenshots",
                  "fullTitle": "Misc Cypress.Screenshot Cypress.Screenshot.defaults() - change default config of screenshots",
                  "timedOut": null,
                  "duration": 1025,
                  "state": "passed",
                  "speed": "fast",
                  "pass": true,
                  "fail": false,
                  "pending": false,
                  "context": null,
                  "code": "Cypress.Screenshot.defaults({\n  blackout: ['.foo'],\n  capture: 'viewport',\n  clip: {\n    x: 0,\n    y: 0,\n    width: 200,\n    height: 200\n  },\n  scale: false,\n  disableTimersAndAnimations: true,\n  screenshotOnRunFailure: true,\n  onBeforeScreenshot() {},\n  onAfterScreenshot() {}\n});",
                  "err": {},
                  "uuid": "dedbe967-11e1-43b8-98e4-1bb79eef3a37",
                  "parentUUID": "1b39f48f-8fb0-4d87-b454-129c52c6daeb",
                  "isHook": false,
                  "skipped": false
                }
              ],
              "suites": [],
              "passes": [
                "8bfa3c6b-338b-4e03-8183-734d496b2508",
                "dedbe967-11e1-43b8-98e4-1bb79eef3a37"
              ],
              "failures": [],
              "pending": [],
              "skipped": [],
              "duration": 2210,
              "root": false,
              "rootEmpty": false,
              "_timeout": 2000
            }
          ],
          "passes": [
            "b9ebd46e-d210-425c-9fa3-ba3f4133f7b3",
            "67025c7d-7f6e-47ce-92aa-7f6c121e67c1",
            "b073399f-8b40-4105-a90e-0e1c86e34643"
          ],
          "failures": [],
          "pending": [],
          "skipped": [],
          "duration": 2490,
          "root": false,
          "rootEmpty": false,
          "_timeout": 2000
        }
      ],
      "passes": [],
      "failures": [],
      "pending": [],
      "skipped": [],
      "duration": 0,
      "root": true,
      "rootEmpty": true,
      "_timeout": 2000
    }
  ],
  "meta": {
    "mocha": {
      "version": "7.2.0"
    },
    "mochawesome": {
      "options": {
        "quiet": false,
        "reportFilename": "mochawesome",
        "saveHtml": true,
        "saveJson": true,
        "consoleReporter": "spec",
        "useInlineDiffs": false,
        "code": true
      },
      "version": "7.1.3"
    },
    "marge": {
      "options": {
        "id": "default",
        "reportDir": "cypress/cypress-report",
        "overwrite": false,
        "html": true,
        "json": true
      },
      "version": "6.2.0"
    }
  }
}