{
  "stats": {
    "suites": 11,
    "tests": 10,
    "passes": 10,
    "pending": 0,
    "failures": 0,
    "start": "2025-09-03T09:34:21.144Z",
    "end": "2025-09-03T09:34:27.176Z",
    "duration": 6032,
    "testsRegistered": 10,
    "passPercent": 100,
    "pendingPercent": 0,
    "other": 0,
    "hasOther": false,
    "skipped": 0,
    "hasSkipped": false
  },
  "results": [
    {
      "uuid": "5dfef977-73dc-4c15-9365-344e296cae89",
      "title": "",
      "fullFile": "cypress\\e2e\\2-advanced-examples\\cypress_api.cy.js",
      "file": "cypress\\e2e\\2-advanced-examples\\cypress_api.cy.js",
      "beforeHooks": [],
      "afterHooks": [],
      "tests": [],
      "suites": [
        {
          "uuid": "63c03335-cf8d-42f5-b0e8-0444e1db80b1",
          "title": "Cypress APIs",
          "fullFile": "",
          "file": "",
          "beforeHooks": [],
          "afterHooks": [],
          "tests": [],
          "suites": [
            {
              "uuid": "132ce00f-bb1f-4843-876f-b5810b5919a5",
              "title": "Cypress.Commands",
              "fullFile": "",
              "file": "",
              "beforeHooks": [],
              "afterHooks": [],
              "tests": [
                {
                  "title": ".add() - create a custom command",
                  "fullTitle": "Cypress APIs Cypress.Commands .add() - create a custom command",
                  "timedOut": null,
                  "duration": 671,
                  "state": "passed",
                  "speed": "fast",
                  "pass": true,
                  "fail": false,
                  "pending": false,
                  "context": null,
                  "code": "Cypress.Commands.add('console', {\n  prevSubject: true\n}, (subject, method) => {\n  // the previous subject is automatically received\n  // and the commands arguments are shifted\n  // allow us to change the console method used\n  method = method || 'log';\n  // log the subject to the console\n  console[method]('The subject is', subject);\n  // whatever we return becomes the new subject\n  // we don't want to change the subject so\n  // we return whatever was passed in\n  return subject;\n});\ncy.get('button').console('info').then($button => {\n  // subject is still $button\n});",
                  "err": {},
                  "uuid": "8356069d-4824-43de-9d74-7828e50f72f1",
                  "parentUUID": "132ce00f-bb1f-4843-876f-b5810b5919a5",
                  "isHook": false,
                  "skipped": false
                }
              ],
              "suites": [],
              "passes": [
                "8356069d-4824-43de-9d74-7828e50f72f1"
              ],
              "failures": [],
              "pending": [],
              "skipped": [],
              "duration": 671,
              "root": false,
              "rootEmpty": false,
              "_timeout": 2000
            },
            {
              "uuid": "291c171f-3387-4cff-85f8-f03974d9868b",
              "title": "Cypress.Cookies",
              "fullFile": "",
              "file": "",
              "beforeHooks": [],
              "afterHooks": [],
              "tests": [
                {
                  "title": ".debug() - enable or disable debugging",
                  "fullTitle": "Cypress APIs Cypress.Cookies .debug() - enable or disable debugging",
                  "timedOut": null,
                  "duration": 607,
                  "state": "passed",
                  "speed": "fast",
                  "pass": true,
                  "fail": false,
                  "pending": false,
                  "context": null,
                  "code": "Cypress.Cookies.debug(true);\n// Cypress will now log in the console when\n// cookies are set or cleared\ncy.setCookie('fakeCookie', '123ABC');\ncy.clearCookie('fakeCookie');\ncy.setCookie('fakeCookie', '123ABC');\ncy.clearCookie('fakeCookie');\ncy.setCookie('fakeCookie', '123ABC');",
                  "err": {},
                  "uuid": "a135b6ab-f6f5-45be-8b26-df6e47e5b1ba",
                  "parentUUID": "291c171f-3387-4cff-85f8-f03974d9868b",
                  "isHook": false,
                  "skipped": false
                }
              ],
              "suites": [],
              "passes": [
                "a135b6ab-f6f5-45be-8b26-df6e47e5b1ba"
              ],
              "failures": [],
              "pending": [],
              "skipped": [],
              "duration": 607,
              "root": false,
              "rootEmpty": false,
              "_timeout": 2000
            },
            {
              "uuid": "90b2f2fa-cf8b-45fc-88c7-911ba9a87c89",
              "title": "Cypress.arch",
              "fullFile": "",
              "file": "",
              "beforeHooks": [],
              "afterHooks": [],
              "tests": [
                {
                  "title": "Get CPU architecture name of underlying OS",
                  "fullTitle": "Cypress APIs Cypress.arch Get CPU architecture name of underlying OS",
                  "timedOut": null,
                  "duration": 220,
                  "state": "passed",
                  "speed": "fast",
                  "pass": true,
                  "fail": false,
                  "pending": false,
                  "context": null,
                  "code": "// https://on.cypress.io/arch\nexpect(Cypress.arch).to.exist;",
                  "err": {},
                  "uuid": "983e49c0-8157-4cb9-8bee-6e87f3ec9a8c",
                  "parentUUID": "90b2f2fa-cf8b-45fc-88c7-911ba9a87c89",
                  "isHook": false,
                  "skipped": false
                }
              ],
              "suites": [],
              "passes": [
                "983e49c0-8157-4cb9-8bee-6e87f3ec9a8c"
              ],
              "failures": [],
              "pending": [],
              "skipped": [],
              "duration": 220,
              "root": false,
              "rootEmpty": false,
              "_timeout": 2000
            },
            {
              "uuid": "b3cf77f9-c3e7-4eec-9e34-76aae726a750",
              "title": "Cypress.config()",
              "fullFile": "",
              "file": "",
              "beforeHooks": [],
              "afterHooks": [],
              "tests": [
                {
                  "title": "Get and set configuration options",
                  "fullTitle": "Cypress APIs Cypress.config() Get and set configuration options",
                  "timedOut": null,
                  "duration": 294,
                  "state": "passed",
                  "speed": "fast",
                  "pass": true,
                  "fail": false,
                  "pending": false,
                  "context": null,
                  "code": "// https://on.cypress.io/config\nlet myConfig = Cypress.config();\nexpect(myConfig).to.have.property('animationDistanceThreshold', 5);\nexpect(myConfig).to.have.property('defaultCommandTimeout', 4000);\nexpect(myConfig).to.have.property('requestTimeout', 5000);\nexpect(myConfig).to.have.property('responseTimeout', 30000);\nexpect(myConfig).to.have.property('viewportHeight', 660);\nexpect(myConfig).to.have.property('viewportWidth', 1000);\nexpect(myConfig).to.have.property('pageLoadTimeout', 60000);\nexpect(myConfig).to.have.property('waitForAnimations', true);\nexpect(Cypress.config('pageLoadTimeout')).to.eq(60000);\n// this will change the config for the rest of your tests!\nCypress.config('pageLoadTimeout', 20000);\nexpect(Cypress.config('pageLoadTimeout')).to.eq(20000);\nCypress.config('pageLoadTimeout', 60000);",
                  "err": {},
                  "uuid": "a89ec0d0-5aab-4e6a-b3e6-295abf846452",
                  "parentUUID": "b3cf77f9-c3e7-4eec-9e34-76aae726a750",
                  "isHook": false,
                  "skipped": false
                }
              ],
              "suites": [],
              "passes": [
                "a89ec0d0-5aab-4e6a-b3e6-295abf846452"
              ],
              "failures": [],
              "pending": [],
              "skipped": [],
              "duration": 294,
              "root": false,
              "rootEmpty": false,
              "_timeout": 2000
            },
            {
              "uuid": "a7f95181-185c-4054-aea0-b5803f8ca656",
              "title": "Cypress.dom",
              "fullFile": "",
              "file": "",
              "beforeHooks": [],
              "afterHooks": [],
              "tests": [
                {
                  "title": ".isHidden() - determine if a DOM element is hidden",
                  "fullTitle": "Cypress APIs Cypress.dom .isHidden() - determine if a DOM element is hidden",
                  "timedOut": null,
                  "duration": 236,
                  "state": "passed",
                  "speed": "fast",
                  "pass": true,
                  "fail": false,
                  "pending": false,
                  "context": null,
                  "code": "let hiddenP = Cypress.$('.dom-p p.hidden').get(0);\nlet visibleP = Cypress.$('.dom-p p.visible').get(0);\n// our first paragraph has css class 'hidden'\nexpect(Cypress.dom.isHidden(hiddenP)).to.be.true;\nexpect(Cypress.dom.isHidden(visibleP)).to.be.false;",
                  "err": {},
                  "uuid": "9c3def82-d633-4ce8-8ea3-dc3d78372769",
                  "parentUUID": "a7f95181-185c-4054-aea0-b5803f8ca656",
                  "isHook": false,
                  "skipped": false
                }
              ],
              "suites": [],
              "passes": [
                "9c3def82-d633-4ce8-8ea3-dc3d78372769"
              ],
              "failures": [],
              "pending": [],
              "skipped": [],
              "duration": 236,
              "root": false,
              "rootEmpty": false,
              "_timeout": 2000
            },
            {
              "uuid": "0b63b937-8e6a-4185-ba39-6a7898a4ef0a",
              "title": "Cypress.env()",
              "fullFile": "",
              "file": "",
              "beforeHooks": [],
              "afterHooks": [],
              "tests": [
                {
                  "title": "Get environment variables",
                  "fullTitle": "Cypress APIs Cypress.env() Get environment variables",
                  "timedOut": null,
                  "duration": 236,
                  "state": "passed",
                  "speed": "fast",
                  "pass": true,
                  "fail": false,
                  "pending": false,
                  "context": null,
                  "code": "// https://on.cypress.io/env\n// set multiple environment variables\nCypress.env({\n  host: 'veronica.dev.local',\n  api_server: 'http://localhost:8888/v1/'\n});\n// get environment variable\nexpect(Cypress.env('host')).to.eq('veronica.dev.local');\n// set environment variable\nCypress.env('api_server', 'http://localhost:8888/v2/');\nexpect(Cypress.env('api_server')).to.eq('http://localhost:8888/v2/');\n// get all environment variable\nexpect(Cypress.env()).to.have.property('host', 'veronica.dev.local');\nexpect(Cypress.env()).to.have.property('api_server', 'http://localhost:8888/v2/');",
                  "err": {},
                  "uuid": "6b74aa61-67a7-4720-92ae-8a4f05c2a402",
                  "parentUUID": "0b63b937-8e6a-4185-ba39-6a7898a4ef0a",
                  "isHook": false,
                  "skipped": false
                }
              ],
              "suites": [],
              "passes": [
                "6b74aa61-67a7-4720-92ae-8a4f05c2a402"
              ],
              "failures": [],
              "pending": [],
              "skipped": [],
              "duration": 236,
              "root": false,
              "rootEmpty": false,
              "_timeout": 2000
            },
            {
              "uuid": "4a3ad0c0-b55b-4631-b653-156eaf2f344c",
              "title": "Cypress.log",
              "fullFile": "",
              "file": "",
              "beforeHooks": [],
              "afterHooks": [],
              "tests": [
                {
                  "title": "Control what is printed to the Command Log",
                  "fullTitle": "Cypress APIs Cypress.log Control what is printed to the Command Log",
                  "timedOut": null,
                  "duration": 245,
                  "state": "passed",
                  "speed": "fast",
                  "pass": true,
                  "fail": false,
                  "pending": false,
                  "context": null,
                  "code": "// https://on.cypress.io/cypress-log",
                  "err": {},
                  "uuid": "0ade0cfa-bb7f-4c16-8b00-777d08d4a56b",
                  "parentUUID": "4a3ad0c0-b55b-4631-b653-156eaf2f344c",
                  "isHook": false,
                  "skipped": false
                }
              ],
              "suites": [],
              "passes": [
                "0ade0cfa-bb7f-4c16-8b00-777d08d4a56b"
              ],
              "failures": [],
              "pending": [],
              "skipped": [],
              "duration": 245,
              "root": false,
              "rootEmpty": false,
              "_timeout": 2000
            },
            {
              "uuid": "2652f618-69f3-4daa-bac1-a95e4bfe42b1",
              "title": "Cypress.platform",
              "fullFile": "",
              "file": "",
              "beforeHooks": [],
              "afterHooks": [],
              "tests": [
                {
                  "title": "Get underlying OS name",
                  "fullTitle": "Cypress APIs Cypress.platform Get underlying OS name",
                  "timedOut": null,
                  "duration": 265,
                  "state": "passed",
                  "speed": "fast",
                  "pass": true,
                  "fail": false,
                  "pending": false,
                  "context": null,
                  "code": "// https://on.cypress.io/platform\nexpect(Cypress.platform).to.be.exist;",
                  "err": {},
                  "uuid": "b3deb137-f7f1-4100-a7d6-58e02506f9c4",
                  "parentUUID": "2652f618-69f3-4daa-bac1-a95e4bfe42b1",
                  "isHook": false,
                  "skipped": false
                }
              ],
              "suites": [],
              "passes": [
                "b3deb137-f7f1-4100-a7d6-58e02506f9c4"
              ],
              "failures": [],
              "pending": [],
              "skipped": [],
              "duration": 265,
              "root": false,
              "rootEmpty": false,
              "_timeout": 2000
            },
            {
              "uuid": "dbc94137-7239-4d7a-8be1-8ec237d31f79",
              "title": "Cypress.version",
              "fullFile": "",
              "file": "",
              "beforeHooks": [],
              "afterHooks": [],
              "tests": [
                {
                  "title": "Get current version of Cypress being run",
                  "fullTitle": "Cypress APIs Cypress.version Get current version of Cypress being run",
                  "timedOut": null,
                  "duration": 228,
                  "state": "passed",
                  "speed": "fast",
                  "pass": true,
                  "fail": false,
                  "pending": false,
                  "context": null,
                  "code": "// https://on.cypress.io/version\nexpect(Cypress.version).to.be.exist;",
                  "err": {},
                  "uuid": "114e8f3f-8be7-447a-bcd0-b818355d0bda",
                  "parentUUID": "dbc94137-7239-4d7a-8be1-8ec237d31f79",
                  "isHook": false,
                  "skipped": false
                }
              ],
              "suites": [],
              "passes": [
                "114e8f3f-8be7-447a-bcd0-b818355d0bda"
              ],
              "failures": [],
              "pending": [],
              "skipped": [],
              "duration": 228,
              "root": false,
              "rootEmpty": false,
              "_timeout": 2000
            },
            {
              "uuid": "01ee2fe5-53ef-4ded-a2a0-c0b93c2d942d",
              "title": "Cypress.spec",
              "fullFile": "",
              "file": "",
              "beforeHooks": [],
              "afterHooks": [],
              "tests": [
                {
                  "title": "Get current spec information",
                  "fullTitle": "Cypress APIs Cypress.spec Get current spec information",
                  "timedOut": null,
                  "duration": 262,
                  "state": "passed",
                  "speed": "fast",
                  "pass": true,
                  "fail": false,
                  "pending": false,
                  "context": null,
                  "code": "// https://on.cypress.io/spec\n// wrap the object so we can inspect it easily by clicking in the command log\ncy.wrap(Cypress.spec).should('include.keys', ['name', 'relative', 'absolute']);",
                  "err": {},
                  "uuid": "5cb99ec2-4f89-4f0a-a090-186e893215f6",
                  "parentUUID": "01ee2fe5-53ef-4ded-a2a0-c0b93c2d942d",
                  "isHook": false,
                  "skipped": false
                }
              ],
              "suites": [],
              "passes": [
                "5cb99ec2-4f89-4f0a-a090-186e893215f6"
              ],
              "failures": [],
              "pending": [],
              "skipped": [],
              "duration": 262,
              "root": false,
              "rootEmpty": false,
              "_timeout": 2000
            }
          ],
          "passes": [],
          "failures": [],
          "pending": [],
          "skipped": [],
          "duration": 0,
          "root": false,
          "rootEmpty": false,
          "_timeout": 2000
        }
      ],
      "passes": [],
      "failures": [],
      "pending": [],
      "skipped": [],
      "duration": 0,
      "root": true,
      "rootEmpty": true,
      "_timeout": 2000
    }
  ],
  "meta": {
    "mocha": {
      "version": "7.2.0"
    },
    "mochawesome": {
      "options": {
        "quiet": false,
        "reportFilename": "mochawesome",
        "saveHtml": true,
        "saveJson": true,
        "consoleReporter": "spec",
        "useInlineDiffs": false,
        "code": true
      },
      "version": "7.1.3"
    },
    "marge": {
      "options": {
        "id": "default",
        "reportDir": "cypress/cypress-report",
        "overwrite": false,
        "html": true,
        "json": true
      },
      "version": "6.2.0"
    }
  }
}