{
  "stats": {
    "suites": 1,
    "tests": 2,
    "passes": 2,
    "pending": 0,
    "failures": 0,
    "start": "2025-09-04T05:18:57.054Z",
    "end": "2025-09-04T05:19:11.928Z",
    "duration": 14874,
    "testsRegistered": 2,
    "passPercent": 100,
    "pendingPercent": 0,
    "other": 0,
    "hasOther": false,
    "skipped": 0,
    "hasSkipped": false
  },
  "results": [
    {
      "uuid": "373f72ef-9b23-4dbd-969c-f1a0ec10d1eb",
      "title": "",
      "fullFile": "cypress\\e2e\\forum_test.cy.ts",
      "file": "cypress\\e2e\\forum_test.cy.ts",
      "beforeHooks": [],
      "afterHooks": [],
      "tests": [],
      "suites": [
        {
          "uuid": "a5996c82-5cfc-4750-bfdc-b372ace14bef",
          "title": "论坛模块功能测试",
          "fullFile": "",
          "file": "",
          "beforeHooks": [],
          "afterHooks": [],
          "tests": [
            {
              "title": "学生端发帖、点赞、评论、删除",
              "fullTitle": "论坛模块功能测试 学生端发帖、点赞、评论、删除",
              "timedOut": null,
              "duration": 7547,
              "state": "passed",
              "speed": "medium",
              "pass": true,
              "fail": false,
              "pending": false,
              "context": null,
              "code": "cy.visit('http://localhost:5173/login');\ncy.wait(1000);\ncy.get('input[placeholder=\"请输入用户名\"]').type(student.username);\ncy.get('input[placeholder=\"请输入密码\"]').type(student.password);\ncy.get('input[type=\"checkbox\"]').check({ force: true });\ncy.get('button').contains('立即登录').click();\ncy.url().should('include', '/profile');\ncy.contains('答疑论坛').click({ force: true });\ncy.url().should('include', '/forum');\ncy.get('.forum').should('exist');\n// 发布帖子\ncy.get('.publish-card input[placeholder=\"请输入问题标题\"]').clear().type(postTitle);\ncy.get('.publish-card textarea[placeholder=\"请输入问题内容\"]').clear().type(postContent);\ncy.get('.publish-card button').contains('发布问题').click({ force: true });\ncy.contains('问题发布成功').should('be.visible');\ncy.get('.post-card').should('contain.text', postTitle);\n// 点赞和取消点赞\ncy.get('.post-card').contains(postTitle).parents('.post-card').within(function () {\n    cy.get('button').contains(/点赞|取消点赞/).click({ force: true });\n    cy.wait(500);\n    cy.get('button').contains(/点赞|取消点赞/).click({ force: true });\n});\n// 评论\ncy.get('.post-card').contains(postTitle).parents('.post-card').within(function () {\n    cy.get('input[placeholder=\"写下你的评论...\"]').type(postComment + '{enter}');\n});\ncy.contains('评论添加成功').should('be.visible');\ncy.get('.post-card').contains(postComment).should('exist');\n// 删除评论\ncy.get('.post-card').contains(postComment).parents('.comment').within(function () {\n    cy.get('button').contains('删除评论').click({ force: true });\n});\ncy.contains('评论已删除').should('be.visible');\n// 删除帖子\ncy.get('.post-card').contains(postTitle).parents('.post-card').within(function () {\n    cy.get('button').contains('删除').click({ force: true });\n});\ncy.contains('问题已删除').should('be.visible');",
              "err": {},
              "uuid": "8bbdb934-83dd-4583-828f-48753b0ad840",
              "parentUUID": "a5996c82-5cfc-4750-bfdc-b372ace14bef",
              "isHook": false,
              "skipped": false
            },
            {
              "title": "教师端置顶、点赞、评论、删除",
              "fullTitle": "论坛模块功能测试 教师端置顶、点赞、评论、删除",
              "timedOut": null,
              "duration": 7169,
              "state": "passed",
              "speed": "medium",
              "pass": true,
              "fail": false,
              "pending": false,
              "context": null,
              "code": "cy.visit('http://localhost:5173/login');\ncy.wait(1000);\ncy.get('input[placeholder=\"请输入用户名\"]').type(teacher.username);\ncy.get('input[placeholder=\"请输入密码\"]').type(teacher.password);\ncy.get('input[type=\"checkbox\"]').check({ force: true });\ncy.get('button').contains('立即登录').click();\ncy.url().should('include', '/profile');\ncy.contains('答疑论坛').click({ force: true });\ncy.url().should('include', '/forum');\ncy.get('.forum').should('exist');\n// 发布帖子\ncy.get('.publish-card input[placeholder=\"请输入问题标题\"]').clear().type(postTitle);\ncy.get('.publish-card textarea[placeholder=\"请输入问题内容\"]').clear().type(postContent);\ncy.get('.publish-card button').contains('发布问题').click({ force: true });\ncy.contains('问题发布成功').should('be.visible');\ncy.get('.post-card').should('contain.text', postTitle);\n// 置顶和取消置顶\ncy.get('.post-card').first().within(function () {\n    cy.get('button').contains(/置顶|取消置顶/).click({ force: true });\n    cy.wait(500);\n    cy.get('button').contains(/置顶|取消置顶/).click({ force: true });\n});\n// 点赞和取消点赞\ncy.get('.post-card').first().within(function () {\n    cy.get('button').contains(/点赞|取消点赞/).click({ force: true });\n    cy.wait(500);\n    cy.get('button').contains(/点赞|取消点赞/).click({ force: true });\n});\n// 评论\ncy.get('.post-card').first().within(function () {\n    cy.get('input[placeholder=\"写下你的评论...\"]').type(teacherComment + '{enter}');\n});\ncy.contains('评论添加成功').should('be.visible');\ncy.get('.post-card').contains(teacherComment).should('exist');\n// 删除评论\ncy.get('.post-card').contains(teacherComment).parents('.comment').within(function () {\n    cy.get('button').contains('删除评论').click({ force: true });\n});\ncy.contains('评论已删除').should('be.visible');\n// 删除帖子\ncy.get('.post-card').first().within(function () {\n    cy.get('button').contains('删除').click({ force: true });\n});\ncy.contains('问题已删除').should('be.visible');",
              "err": {},
              "uuid": "e830498b-0724-4106-8220-c16d45a422b6",
              "parentUUID": "a5996c82-5cfc-4750-bfdc-b372ace14bef",
              "isHook": false,
              "skipped": false
            }
          ],
          "suites": [],
          "passes": [
            "8bbdb934-83dd-4583-828f-48753b0ad840",
            "e830498b-0724-4106-8220-c16d45a422b6"
          ],
          "failures": [],
          "pending": [],
          "skipped": [],
          "duration": 14716,
          "root": false,
          "rootEmpty": false,
          "_timeout": 2000
        }
      ],
      "passes": [],
      "failures": [],
      "pending": [],
      "skipped": [],
      "duration": 0,
      "root": true,
      "rootEmpty": true,
      "_timeout": 2000
    }
  ],
  "meta": {
    "mocha": {
      "version": "7.2.0"
    },
    "mochawesome": {
      "options": {
        "quiet": false,
        "reportFilename": "mochawesome",
        "saveHtml": true,
        "saveJson": true,
        "consoleReporter": "spec",
        "useInlineDiffs": false,
        "code": true
      },
      "version": "7.1.3"
    },
    "marge": {
      "options": {
        "id": "default",
        "reportDir": "cypress/cypress-report",
        "overwrite": false,
        "html": true,
        "json": true
      },
      "version": "6.2.0"
    }
  }
}