<?xml version="1.0" encoding="UTF-8" ?>
<testsuites name="vitest tests" tests="7" failures="0" errors="0" time="0.0099679">
    <testsuite name="src/api/__tests__/questionSet.spec.ts" timestamp="2025-09-01T05:23:01.209Z" hostname="LAPTOP-4C3RJLJ6" tests="7" failures="0" errors="0" skipped="0" time="0.0099679">
        <testcase classname="src/api/__tests__/questionSet.spec.ts" name="questionSetService &gt; getAllSets 正例" time="0.0026571">
        </testcase>
        <testcase classname="src/api/__tests__/questionSet.spec.ts" name="questionSetService &gt; getAllSets 反例" time="0.0019166">
        </testcase>
        <testcase classname="src/api/__tests__/questionSet.spec.ts" name="questionSetService &gt; createSet 正例" time="0.0003207">
        </testcase>
        <testcase classname="src/api/__tests__/questionSet.spec.ts" name="questionSetService &gt; updateSet 正例" time="0.0003182">
        </testcase>
        <testcase classname="src/api/__tests__/questionSet.spec.ts" name="questionSetService &gt; updateSet 反例" time="0.0009742">
        </testcase>
        <testcase classname="src/api/__tests__/questionSet.spec.ts" name="questionSetService &gt; deleteSet 正例" time="0.0006177">
        </testcase>
        <testcase classname="src/api/__tests__/questionSet.spec.ts" name="questionSetService &gt; deleteSet 反例" time="0.0007638">
        </testcase>
    </testsuite>
</testsuites>
